# JRE version: OpenJDK Runtime Environment Temurin-17.0.8+7 (17.0.8+7) (build 17.0.8+7)
# Java VM: OpenJDK 64-Bit Server VM Temurin-17.0.8+7 (17.0.8+7, mixed mode, tiered, compressed oops, compressed class ptrs, g1 gc, windows-amd64)
GC Precious Log:
 CPUs: 8 total, 8 available
 Memory: 6081M
 Large Page Support: Disabled
 NUMA Support: Disabled
 Compressed Oops: Enabled (32-bit)
 Heap Region Size: 1M
 Heap Min Capacity: 8M
 Heap Initial Capacity: 96M
 Heap Max Capacity: 1522M
 Pre-touch: Disabled
 Parallel Workers: 8
 Concurrent Workers: 2
 Concurrent Refinement Workers: 8
 Periodic GC: Disabled
Heap:
 garbage-first heap   total 58368K, used 14734K [0x00000000a0e00000, 0x0000000100000000)
  region size 1024K, 6 young (6144K), 2 survivors (2048K)
 Metaspace       used 28854K, committed 28992K, reserved 1114112K
  class space    used 3024K, committed 3072K, reserved 1048576K
GC Heap History (12 events):
Event: 2.157 GC heap before
{Heap before GC invocations=0 (full 0):
 garbage-first heap   total 98304K, used 14336K [0x00000000a0e00000, 0x0000000100000000)
  region size 1024K, 16 young (16384K), 0 survivors (0K)
 Metaspace       used 21294K, committed 21504K, reserved 1114112K
  class space    used 2232K, committed 2368K, reserved 1048576K
}
Event: 2.167 GC heap after
{Heap after GC invocations=1 (full 0):
 garbage-first heap   total 98304K, used 3543K [0x00000000a0e00000, 0x0000000100000000)
  region size 1024K, 3 young (3072K), 3 survivors (3072K)
 Metaspace       used 21294K, committed 21504K, reserved 1114112K
  class space    used 2232K, committed 2368K, reserved 1048576K
}
Event: 2.757 GC heap before
{Heap before GC invocations=2 (full 0):
 garbage-first heap   total 17408K, used 10711K [0x00000000a0e00000, 0x0000000100000000)
  region size 1024K, 10 young (10240K), 3 survivors (3072K)
 Metaspace       used 26318K, committed 26496K, reserved 1114112K
  class space    used 2783K, committed 2880K, reserved 1048576K
}
Event: 2.764 GC heap after
{Heap after GC invocations=3 (full 0):
 garbage-first heap   total 17408K, used 5697K [0x00000000a0e00000, 0x0000000100000000)
  region size 1024K, 2 young (2048K), 2 survivors (2048K)
 Metaspace       used 26318K, committed 26496K, reserved 1114112K
  class space    used 2783K, committed 2880K, reserved 1048576K
}
Event: 2.820 GC heap before
{Heap before GC invocations=3 (full 0):
 garbage-first heap   total 17408K, used 5697K [0x00000000a0e00000, 0x0000000100000000)
  region size 1024K, 3 young (3072K), 2 survivors (2048K)
 Metaspace       used 26448K, committed 26688K, reserved 1114112K
  class space    used 2800K, committed 2944K, reserved 1048576K
}
Event: 2.824 GC heap after
{Heap after GC invocations=4 (full 0):
 garbage-first heap   total 17408K, used 6438K [0x00000000a0e00000, 0x0000000100000000)
  region size 1024K, 1 young (1024K), 1 survivors (1024K)
 Metaspace       used 26448K, committed 26688K, reserved 1114112K
  class space    used 2800K, committed 2944K, reserved 1048576K
}
Event: 2.850 GC heap before
{Heap before GC invocations=4 (full 0):
 garbage-first heap   total 17408K, used 8486K [0x00000000a0e00000, 0x0000000100000000)
  region size 1024K, 4 young (4096K), 1 survivors (1024K)
 Metaspace       used 26475K, committed 26752K, reserved 1114112K
  class space    used 2803K, committed 2944K, reserved 1048576K
}
Event: 2.851 GC heap after
{Heap after GC invocations=5 (full 0):
 garbage-first heap   total 17408K, used 6562K [0x00000000a0e00000, 0x0000000100000000)
  region size 1024K, 1 young (1024K), 1 survivors (1024K)
 Metaspace       used 26475K, committed 26752K, reserved 1114112K
  class space    used 2803K, committed 2944K, reserved 1048576K
}
Event: 2.860 GC heap before
{Heap before GC invocations=5 (full 0):
 garbage-first heap   total 17408K, used 6562K [0x00000000a0e00000, 0x0000000100000000)
  region size 1024K, 2 young (2048K), 1 survivors (1024K)
 Metaspace       used 26504K, committed 26752K, reserved 1114112K
  class space    used 2808K, committed 2944K, reserved 1048576K
}
Event: 2.862 GC heap after
{Heap after GC invocations=6 (full 0):
 garbage-first heap   total 58368K, used 6378K [0x00000000a0e00000, 0x0000000100000000)
  region size 1024K, 1 young (1024K), 1 survivors (1024K)
 Metaspace       used 26504K, committed 26752K, reserved 1114112K
  class space    used 2808K, committed 2944K, reserved 1048576K
}
Event: 73.339 GC heap before
{Heap before GC invocations=6 (full 0):
 garbage-first heap   total 58368K, used 38122K [0x00000000a0e00000, 0x0000000100000000)
  region size 1024K, 29 young (29696K), 1 survivors (1024K)
 Metaspace       used 28853K, committed 28992K, reserved 1114112K
  class space    used 3024K, committed 3072K, reserved 1048576K
}
Event: 73.374 GC heap after
{Heap after GC invocations=7 (full 0):
 garbage-first heap   total 58368K, used 11662K [0x00000000a0e00000, 0x0000000100000000)
  region size 1024K, 2 young (2048K), 2 survivors (2048K)
 Metaspace       used 28853K, committed 28992K, reserved 1114112K
  class space    used 3024K, committed 3072K, reserved 1048576K
}

